[0.005s] Invoking command in '/home/ubuntu/ros2_ws/src/imu/build/bluespace_ai_xsens_mti_driver': /usr/bin/cmake /home/ubuntu/ros2_ws/src/imu/bluespace_ai_xsens_ros_mti_driver -DAMENT_CMAKE_SYMLINK_INSTALL=1 -DCMAKE_INSTALL_PREFIX=/home/ubuntu/ros2_ws/src/imu/install/bluespace_ai_xsens_mti_driver
[0.051s] [0mCMake Deprecation Warning at CMakeLists.txt:1 (cmake_minimum_required):
[0.052s]   Compatibility with CMake < 2.8.12 will be removed from a future version of
[0.052s]   CMake.
[0.052s] 
[0.052s]   Update the VERSION argument <min> value or use a ...<max> suffix to tell
[0.053s]   CMake that the project does not need compatibility with older versions.
[0.053s] 
[0.053s] [0m
[0.356s] -- The C compiler identification is GNU 11.4.0
[0.468s] -- The CXX compiler identification is GNU 11.4.0
[0.482s] -- Detecting C compiler ABI info
[0.642s] -- Detecting C compiler ABI info - done
[0.664s] -- Check for working C compiler: /usr/bin/cc - skipped
[0.665s] -- Detecting C compile features
[0.666s] -- Detecting C compile features - done
[0.673s] -- Detecting CXX compiler ABI info
[0.780s] -- Detecting CXX compiler ABI info - done
[0.804s] -- Check for working CXX compiler: /usr/bin/c++ - skipped
[0.805s] -- Detecting CXX compile features
[0.806s] -- Detecting CXX compile features - done
[0.820s] [31mCMake Error at CMakeLists.txt:12 (find_package):
[0.820s]   By not providing "Findament_cmake.cmake" in CMAKE_MODULE_PATH this project
[0.820s]   has asked CMake to find a package configuration file provided by
[0.820s]   "ament_cmake", but CMake did not find one.
[0.821s] 
[0.821s]   Could not find a package configuration file provided by "ament_cmake" with
[0.821s]   any of the following names:
[0.821s] 
[0.821s]     ament_cmakeConfig.cmake
[0.821s]     ament_cmake-config.cmake
[0.822s] 
[0.822s]   Add the installation prefix of "ament_cmake" to CMAKE_PREFIX_PATH or set
[0.822s]   "ament_cmake_DIR" to a directory containing one of the above files.  If
[0.822s]   "ament_cmake" provides a separate development package or SDK, be sure it
[0.822s]   has been installed.
[0.822s] 
[0.823s] [0m
[0.823s] -- Configuring incomplete, errors occurred!
[0.823s] See also "/home/ubuntu/ros2_ws/src/imu/build/bluespace_ai_xsens_mti_driver/CMakeFiles/CMakeOutput.log".
[0.830s] Invoked command in '/home/ubuntu/ros2_ws/src/imu/build/bluespace_ai_xsens_mti_driver' returned '1': /usr/bin/cmake /home/ubuntu/ros2_ws/src/imu/bluespace_ai_xsens_ros_mti_driver -DAMENT_CMAKE_SYMLINK_INSTALL=1 -DCMAKE_INSTALL_PREFIX=/home/ubuntu/ros2_ws/src/imu/install/bluespace_ai_xsens_mti_driver
