[0.012s] Invoking command in '/home/ubuntu/ros2_ws/src/imu/build/bluespace_ai_xsens_mti_driver': CMAKE_PREFIX_PATH=/opt/ros/humble /usr/bin/cmake /home/ubuntu/ros2_ws/src/imu/bluespace_ai_xsens_ros_mti_driver -DAMENT_CMAKE_SYMLINK_INSTALL=1 -DCMAKE_INSTALL_PREFIX=/home/ubuntu/ros2_ws/src/imu/install/bluespace_ai_xsens_mti_driver
[0.026s] [0mCMake Deprecation Warning at CMakeLists.txt:1 (cmake_minimum_required):
[0.026s]   Compatibility with CMake < 2.8.12 will be removed from a future version of
[0.026s]   CMake.
[0.026s] 
[0.027s]   Update the VERSION argument <min> value or use a ...<max> suffix to tell
[0.027s]   CMake that the project does not need compatibility with older versions.
[0.027s] 
[0.027s] [0m
[0.041s] -- Found ament_cmake: 1.3.8 (/opt/ros/humble/share/ament_cmake/cmake)
[0.267s] -- Found Python3: /usr/bin/python3 (found version "3.10.12") found components: Interpreter 
[0.440s] -- Override CMake install command with custom implementation using symlinks instead of copying resources
[0.487s] -- Found rclcpp: 16.0.8 (/opt/ros/humble/share/rclcpp/cmake)
[0.566s] -- Found rosidl_generator_c: 3.1.5 (/opt/ros/humble/share/rosidl_generator_c/cmake)
[0.576s] -- Found rosidl_adapter: 3.1.5 (/opt/ros/humble/share/rosidl_adapter/cmake)
[0.594s] -- Found rosidl_generator_cpp: 3.1.5 (/opt/ros/humble/share/rosidl_generator_cpp/cmake)
[0.630s] -- Using all available rosidl_typesupport_c: rosidl_typesupport_fastrtps_c;rosidl_typesupport_introspection_c
[0.680s] -- Using all available rosidl_typesupport_cpp: rosidl_typesupport_fastrtps_cpp;rosidl_typesupport_introspection_cpp
[0.882s] -- Found rmw_implementation_cmake: 6.1.1 (/opt/ros/humble/share/rmw_implementation_cmake/cmake)
[0.886s] -- Found rmw_fastrtps_cpp: 6.2.6 (/opt/ros/humble/share/rmw_fastrtps_cpp/cmake)
[1.066s] -- Found OpenSSL: /usr/lib/x86_64-linux-gnu/libcrypto.so (found version "3.0.2")  
[1.156s] -- Found FastRTPS: /opt/ros/humble/include  
[1.245s] -- Using RMW implementation 'rmw_fastrtps_cpp' as default
[1.262s] -- Looking for pthread.h
[1.370s] -- Looking for pthread.h - found
[1.371s] -- Performing Test CMAKE_HAVE_LIBC_PTHREAD
[1.481s] -- Performing Test CMAKE_HAVE_LIBC_PTHREAD - Success
[1.484s] -- Found Threads: TRUE  
[1.983s] -- Found tf2: 0.25.6 (/opt/ros/humble/share/tf2/cmake)
[2.165s] -- Found tf2_ros: 0.25.6 (/opt/ros/humble/share/tf2_ros/cmake)
[3.143s] -- Found sensor_msgs: 4.2.3 (/opt/ros/humble/share/sensor_msgs/cmake)
[3.401s] -- Found ament_lint_auto: 0.12.10 (/opt/ros/humble/share/ament_lint_auto/cmake)
[3.525s] -- Added test 'copyright' to check source files copyright and LICENSE
[3.548s] -- Added test 'cppcheck' to perform static code analysis on C / C++ code
[3.548s] -- Configured cppcheck include dirs: $<BUILD_INTERFACE:/home/ubuntu/ros2_ws/src/imu/bluespace_ai_xsens_ros_mti_driver/lib/xspublic>
[3.549s] -- Configured cppcheck exclude dirs and/or files: 
[3.571s] -- Added test 'cpplint' to check C / C++ code against the Google style
[3.571s] -- Configured cpplint exclude dirs and/or files: 
[3.575s] -- Added test 'flake8' to check Python code syntax and style conventions
[3.581s] -- Added test 'lint_cmake' to check CMake code style
[3.584s] -- Added test 'pep257' to check Python code against some of the docstring style conventions in PEP 257
[3.606s] -- Added test 'uncrustify' to check C / C++ code style
[3.606s] -- Configured uncrustify additional arguments: 
[3.612s] -- Added test 'xmllint' to check XML markup files
[3.615s] -- Configuring done
[4.022s] -- Generating done
[4.025s] -- Build files have been written to: /home/ubuntu/ros2_ws/src/imu/build/bluespace_ai_xsens_mti_driver
[4.038s] Invoked command in '/home/ubuntu/ros2_ws/src/imu/build/bluespace_ai_xsens_mti_driver' returned '0': CMAKE_PREFIX_PATH=/opt/ros/humble /usr/bin/cmake /home/ubuntu/ros2_ws/src/imu/bluespace_ai_xsens_ros_mti_driver -DAMENT_CMAKE_SYMLINK_INSTALL=1 -DCMAKE_INSTALL_PREFIX=/home/ubuntu/ros2_ws/src/imu/install/bluespace_ai_xsens_mti_driver
[4.038s] Invoking command in '/home/ubuntu/ros2_ws/src/imu/build/bluespace_ai_xsens_mti_driver': CMAKE_PREFIX_PATH=/opt/ros/humble /usr/bin/cmake --build /home/ubuntu/ros2_ws/src/imu/build/bluespace_ai_xsens_mti_driver -- -j1 -l1
[4.101s] [ 25%] [32mBuilding CXX object CMakeFiles/xsens_mti_node.dir/src/main.cpp.o[0m
[8.546s] [ 50%] [32mBuilding CXX object CMakeFiles/xsens_mti_node.dir/src/xdainterface.cpp.o[0m
[21.998s] [ 75%] [32mBuilding CXX object CMakeFiles/xsens_mti_node.dir/src/xdacallback.cpp.o[0m
[26.941s] [100%] [32m[1mLinking CXX executable xsens_mti_node[0m
[86.708s] make[3]: Circular libxscommon <- libxscommon dependency dropped.
[95.293s] [100%] Built target xsens_mti_node
[95.307s] Invoked command in '/home/ubuntu/ros2_ws/src/imu/build/bluespace_ai_xsens_mti_driver' returned '0': CMAKE_PREFIX_PATH=/opt/ros/humble /usr/bin/cmake --build /home/ubuntu/ros2_ws/src/imu/build/bluespace_ai_xsens_mti_driver -- -j1 -l1
[95.354s] Invoking command in '/home/ubuntu/ros2_ws/src/imu/build/bluespace_ai_xsens_mti_driver': CMAKE_PREFIX_PATH=/opt/ros/humble /usr/bin/cmake --install /home/ubuntu/ros2_ws/src/imu/build/bluespace_ai_xsens_mti_driver
[95.364s] -- Install configuration: ""
[95.365s] -- Execute custom install script
[95.366s] -- Symlinking: /home/ubuntu/ros2_ws/src/imu/install/bluespace_ai_xsens_mti_driver/share/bluespace_ai_xsens_mti_driver/launch/display.launch.py
[95.378s] -- Symlinking: /home/ubuntu/ros2_ws/src/imu/install/bluespace_ai_xsens_mti_driver/share/bluespace_ai_xsens_mti_driver/launch/xsens_mti_node.launch.py
[95.391s] -- Symlinking: /home/ubuntu/ros2_ws/src/imu/install/bluespace_ai_xsens_mti_driver/share/bluespace_ai_xsens_mti_driver/param/xsens_mti_node.yaml
[95.401s] -- Symlinking: /home/ubuntu/ros2_ws/src/imu/install/bluespace_ai_xsens_mti_driver/share/bluespace_ai_xsens_mti_driver/rviz/display.rviz
[95.413s] -- Symlinking: /home/ubuntu/ros2_ws/src/imu/install/bluespace_ai_xsens_mti_driver/share/bluespace_ai_xsens_mti_driver/urdf/MTi_1.stl
[95.424s] -- Symlinking: /home/ubuntu/ros2_ws/src/imu/install/bluespace_ai_xsens_mti_driver/share/bluespace_ai_xsens_mti_driver/urdf/MTi_1.urdf
[95.435s] -- Symlinking: /home/ubuntu/ros2_ws/src/imu/install/bluespace_ai_xsens_mti_driver/share/bluespace_ai_xsens_mti_driver/urdf/MTi_10.stl
[95.446s] -- Symlinking: /home/ubuntu/ros2_ws/src/imu/install/bluespace_ai_xsens_mti_driver/share/bluespace_ai_xsens_mti_driver/urdf/MTi_10.urdf
[95.457s] -- Symlinking: /home/ubuntu/ros2_ws/src/imu/install/bluespace_ai_xsens_mti_driver/share/bluespace_ai_xsens_mti_driver/urdf/MTi_6xx.stl
[95.467s] -- Symlinking: /home/ubuntu/ros2_ws/src/imu/install/bluespace_ai_xsens_mti_driver/share/bluespace_ai_xsens_mti_driver/urdf/MTi_6xx.urdf
[95.480s] -- Symlinking: /home/ubuntu/ros2_ws/src/imu/install/bluespace_ai_xsens_mti_driver/share/ament_index/resource_index/package_run_dependencies/bluespace_ai_xsens_mti_driver
[95.493s] -- Symlinking: /home/ubuntu/ros2_ws/src/imu/install/bluespace_ai_xsens_mti_driver/share/ament_index/resource_index/parent_prefix_path/bluespace_ai_xsens_mti_driver
[95.506s] -- Symlinking: /home/ubuntu/ros2_ws/src/imu/install/bluespace_ai_xsens_mti_driver/share/bluespace_ai_xsens_mti_driver/environment/ament_prefix_path.sh
[95.518s] -- Symlinking: /home/ubuntu/ros2_ws/src/imu/install/bluespace_ai_xsens_mti_driver/share/bluespace_ai_xsens_mti_driver/environment/ament_prefix_path.dsv
[95.531s] -- Symlinking: /home/ubuntu/ros2_ws/src/imu/install/bluespace_ai_xsens_mti_driver/share/bluespace_ai_xsens_mti_driver/environment/path.sh
[95.541s] -- Symlinking: /home/ubuntu/ros2_ws/src/imu/install/bluespace_ai_xsens_mti_driver/share/bluespace_ai_xsens_mti_driver/environment/path.dsv
[95.552s] -- Symlinking: /home/ubuntu/ros2_ws/src/imu/install/bluespace_ai_xsens_mti_driver/share/bluespace_ai_xsens_mti_driver/local_setup.bash
[95.563s] -- Symlinking: /home/ubuntu/ros2_ws/src/imu/install/bluespace_ai_xsens_mti_driver/share/bluespace_ai_xsens_mti_driver/local_setup.sh
[95.574s] -- Symlinking: /home/ubuntu/ros2_ws/src/imu/install/bluespace_ai_xsens_mti_driver/share/bluespace_ai_xsens_mti_driver/local_setup.zsh
[95.587s] -- Symlinking: /home/ubuntu/ros2_ws/src/imu/install/bluespace_ai_xsens_mti_driver/share/bluespace_ai_xsens_mti_driver/local_setup.dsv
[95.598s] -- Symlinking: /home/ubuntu/ros2_ws/src/imu/install/bluespace_ai_xsens_mti_driver/share/bluespace_ai_xsens_mti_driver/package.dsv
[95.609s] -- Symlinking: /home/ubuntu/ros2_ws/src/imu/install/bluespace_ai_xsens_mti_driver/share/ament_index/resource_index/packages/bluespace_ai_xsens_mti_driver
[95.620s] -- Symlinking: /home/ubuntu/ros2_ws/src/imu/install/bluespace_ai_xsens_mti_driver/share/bluespace_ai_xsens_mti_driver/cmake/bluespace_ai_xsens_mti_driverConfig.cmake
[95.632s] -- Symlinking: /home/ubuntu/ros2_ws/src/imu/install/bluespace_ai_xsens_mti_driver/share/bluespace_ai_xsens_mti_driver/cmake/bluespace_ai_xsens_mti_driverConfig-version.cmake
[95.643s] -- Symlinking: /home/ubuntu/ros2_ws/src/imu/install/bluespace_ai_xsens_mti_driver/share/bluespace_ai_xsens_mti_driver/package.xml
[95.654s] -- Installing: /home/ubuntu/ros2_ws/src/imu/install/bluespace_ai_xsens_mti_driver/lib/bluespace_ai_xsens_mti_driver/xsens_mti_node
[95.664s] -- Set runtime path of "/home/ubuntu/ros2_ws/src/imu/install/bluespace_ai_xsens_mti_driver/lib/bluespace_ai_xsens_mti_driver/xsens_mti_node" to ""
[95.667s] Invoked command in '/home/ubuntu/ros2_ws/src/imu/build/bluespace_ai_xsens_mti_driver' returned '0': CMAKE_PREFIX_PATH=/opt/ros/humble /usr/bin/cmake --install /home/ubuntu/ros2_ws/src/imu/build/bluespace_ai_xsens_mti_driver
